Using pre-set license
Built from '2020.3/release' branch; Version is '2020.3.2f1 (8fd9074bf66c) revision 9427207'; Using compiler version '192528614'; Build Type 'Release'
OS: 'Windows 10 Home; OS build 19044.1620; Version 2009; 64bit' Language: 'es' Physical Memory: 16183 MB
BatchMode: 1, IsHumanControllingUs: 0, StartBugReporterOnCrash: 0, Is64bit: 1, IsPro: 0

 COMMAND LINE ARGUMENTS:
C:\Program Files\Unity\Hub\Editor\2020.3.2f1\Editor\Unity.exe
-adb2
-batchMode
-noUpm
-name
AssetImportWorker0
-projectPath
C:/Proyectos/Walkers_06
-logFile
Logs/AssetImportWorker0.log
-srvPort
61753
Successfully changed project path to: C:/Proyectos/Walkers_06
C:/Proyectos/Walkers_06
Using Asset Import Pipeline V2.
Refreshing native plugins compatible for Editor in 123.90 ms, found 0 plugins.
Preloading 0 native plugins for Editor in 0.00 ms.
Initialize engine version: 2020.3.2f1 (8fd9074bf66c)
[Subsystems] Discovering subsystems at path C:/Program Files/Unity/Hub/Editor/2020.3.2f1/Editor/Data/Resources/UnitySubsystems
[Subsystems] Discovering subsystems at path C:/Proyectos/Walkers_06/Assets
GfxDevice: creating device client; threaded=0
Direct3D:
    Version:  Direct3D 11.0 [level 11.1]
    Renderer: Intel(R) Iris(R) Xe Graphics (ID=0x9a49)
    Vendor:   
    VRAM:     8091 MB
    Driver:   27.20.100.8439
Initialize mono
Mono path[0] = 'C:/Program Files/Unity/Hub/Editor/2020.3.2f1/Editor/Data/Managed'
Mono path[1] = 'C:/Program Files/Unity/Hub/Editor/2020.3.2f1/Editor/Data/MonoBleedingEdge/lib/mono/unityjit'
Mono config path = 'C:/Program Files/Unity/Hub/Editor/2020.3.2f1/Editor/Data/MonoBleedingEdge/etc'
Using monoOptions --debugger-agent=transport=dt_socket,embedding=1,server=y,suspend=n,address=127.0.0.1:56300
Begin MonoManager ReloadAssembly
Registering precompiled unity dll's ...
Register platform support module: C:/Program Files/Unity/Hub/Editor/2020.3.2f1/Editor/Data/PlaybackEngines/WindowsStandaloneSupport/UnityEditor.WindowsStandalone.Extensions.dll
Registered in 0.005336 seconds.
Native extension for WindowsStandalone target not found
Refreshing native plugins compatible for Editor in 110.92 ms, found 0 plugins.
Preloading 0 native plugins for Editor in 0.00 ms.
Invoked RoslynAnalysisRunner static constructor.
RoslynAnalysisRunner will not be running.
RoslynAnalysisRunner has terminated.
Mono: successfully reloaded assembly
- Completed reload, in  2.650 seconds
Platform modules already initialized, skipping
Registering precompiled user dll's ...
Registered in 0.004462 seconds.
Begin MonoManager ReloadAssembly
Native extension for WindowsStandalone target not found
Refreshing native plugins compatible for Editor in 0.95 ms, found 0 plugins.
Preloading 0 native plugins for Editor in 0.00 ms.
Invoked RoslynAnalysisRunner static constructor.
RoslynAnalysisRunner will not be running.
RoslynAnalysisRunner has terminated.
Mono: successfully reloaded assembly
- Completed reload, in  2.463 seconds
Platform modules already initialized, skipping
========================================================================
Worker process is ready to serve import requests
Launched and connected shader compiler UnityShaderCompiler.exe after 0.11 seconds
Refreshing native plugins compatible for Editor in 0.63 ms, found 0 plugins.
Preloading 0 native plugins for Editor in 0.00 ms.
Unloading 1430 Unused Serialized files (Serialized files now loaded: 0)
System memory in use before: 65.3 MB.
System memory in use after: 65.3 MB.

Unloading 33 unused Assets to reduce memory usage. Loaded Objects now: 1860.
Total: 4.236800 ms (FindLiveObjects: 0.277200 ms CreateObjectMapping: 0.097800 ms MarkObjects: 3.688100 ms  DeleteObjects: 0.170100 ms)

========================================================================
Received Import Request.
  path: Assets/Prefads/Profits/Profit.prefab
  artifactKey: Guid(d8406c99c0b450e41b3f75ffccfe0102) Importer(815301076,1909f56bfc062723c751e8b465ee728b)
Start importing Assets/Prefads/Profits/Profit.prefab using Guid(d8406c99c0b450e41b3f75ffccfe0102) Importer(815301076,1909f56bfc062723c751e8b465ee728b)  -> (artifact id: '31ade05950f9537a76783b7e15babd8b') in 0.288858 seconds
  Import took 0.296957 seconds .

========================================================================
Received Import Request.
  Time since last request: 0.000454 seconds.
  path: Assets/Materials/SceneMaterial.mat
  artifactKey: Guid(864f866b611080a459d878b6d1b89641) Importer(815301076,1909f56bfc062723c751e8b465ee728b)
Start importing Assets/Materials/SceneMaterial.mat using Guid(864f866b611080a459d878b6d1b89641) Importer(815301076,1909f56bfc062723c751e8b465ee728b)  -> (artifact id: '4ebf9fdd40b7ad8a4e24e9971c682141') in 0.140390 seconds
  Import took 0.151858 seconds .

========================================================================
Received Import Request.
  Time since last request: 0.000470 seconds.
  path: Assets/Materials/SceneMatTransp.mat
  artifactKey: Guid(9819cb9bf62564d4090398f3b2636305) Importer(815301076,1909f56bfc062723c751e8b465ee728b)
Start importing Assets/Materials/SceneMatTransp.mat using Guid(9819cb9bf62564d4090398f3b2636305) Importer(815301076,1909f56bfc062723c751e8b465ee728b)  -> (artifact id: '7a45d1d21d6346540d56bd2c6bad43cf') in 0.561039 seconds
  Import took 0.566665 seconds .

========================================================================
Received Import Request.
  Time since last request: 0.000554 seconds.
  path: Assets/Prefads/Profits
  artifactKey: Guid(d8a1a39fd360f0244adc8dfbda5e0fc6) Importer(815301076,1909f56bfc062723c751e8b465ee728b)
Start importing Assets/Prefads/Profits using Guid(d8a1a39fd360f0244adc8dfbda5e0fc6) Importer(815301076,1909f56bfc062723c751e8b465ee728b)  -> (artifact id: 'dcbd586295c18ed4579d6161fd1755d5') in 0.015461 seconds
  Import took 0.023014 seconds .

========================================================================
Received Import Request.
  Time since last request: 8.002830 seconds.
  path: Assets/Prefads/Profits/Materials/ProfitMaterial.mat
  artifactKey: Guid(da352018449324c49896edbe30ad6ae1) Importer(815301076,1909f56bfc062723c751e8b465ee728b)
Start importing Assets/Prefads/Profits/Materials/ProfitMaterial.mat using Guid(da352018449324c49896edbe30ad6ae1) Importer(815301076,1909f56bfc062723c751e8b465ee728b)  -> (artifact id: 'a3fb0af985d4f5852d65d8abca32eebb') in 0.035159 seconds
  Import took 0.041973 seconds .

========================================================================
Received Import Request.
  Time since last request: 40.571575 seconds.
  path: Assets/Prefads/Profits/Scripts/ScProfitControl.cs
  artifactKey: Guid(8a41fb2972bcdb144adf50925ff6d6d7) Importer(815301076,1909f56bfc062723c751e8b465ee728b)
Start importing Assets/Prefads/Profits/Scripts/ScProfitControl.cs using Guid(8a41fb2972bcdb144adf50925ff6d6d7) Importer(815301076,1909f56bfc062723c751e8b465ee728b)  -> (artifact id: '2e32b2b4a27210d010a88f790e624ba7') in 0.031427 seconds
  Import took 0.037096 seconds .

AssetImportWorkerClient::OnTransportError - code=2 error=End of file
